Using pre-set license
Built from '2021.1/staging' branch; Version is '2021.1.27f1 (7e296a84045d) revision 8268138'; Using compiler version '192528614'; Build Type 'Release'
OS: 'Windows 10 Home Single Language; OS build 19042.1348; Version 2009; 64bit' Language: 'es' Physical Memory: 16178 MB
BatchMode: 1, IsHumanControllingUs: 0, StartBugReporterOnCrash: 0, Is64bit: 1, IsPro: 0

COMMAND LINE ARGUMENTS:
D:\Unity\2021.1.27f1\Editor\Unity.exe
-adb2
-batchMode
-noUpm
-name
AssetImportWorker0
-projectPath
D:/ProgramasUnity_2021_3/DERV_I_0_Unidad_4_Progs
-logFile
Logs/AssetImportWorker0.log
-srvPort
64422
Successfully changed project path to: D:/ProgramasUnity_2021_3/DERV_I_0_Unidad_4_Progs
D:/ProgramasUnity_2021_3/DERV_I_0_Unidad_4_Progs
Using Asset Import Pipeline V2.
Refreshing native plugins compatible for Editor in 80.18 ms, found 3 plugins.
Preloading 0 native plugins for Editor in 0.00 ms.
Initialize engine version: 2021.1.27f1 (7e296a84045d)
[Subsystems] Discovering subsystems at path D:/Unity/2021.1.27f1/Editor/Data/Resources/UnitySubsystems
[Subsystems] Discovering subsystems at path D:/ProgramasUnity_2021_3/DERV_I_0_Unidad_4_Progs/Assets
GfxDevice: creating device client; threaded=0; jobified=0
Direct3D:
    Version:  Direct3D 11.0 [level 11.1]
    Renderer: NVIDIA GeForce GTX 1050 Ti (ID=0x1c8c)
    Vendor:   NVIDIA
    VRAM:     4018 MB
    Driver:   27.21.14.6231
Initialize mono
Mono path[0] = 'D:/Unity/2021.1.27f1/Editor/Data/Managed'
Mono path[1] = 'D:/Unity/2021.1.27f1/Editor/Data/MonoBleedingEdge/lib/mono/unityjit'
Mono config path = 'D:/Unity/2021.1.27f1/Editor/Data/MonoBleedingEdge/etc'
Using monoOptions --debugger-agent=transport=dt_socket,embedding=1,server=y,suspend=n,address=127.0.0.1:56772
Begin MonoManager ReloadAssembly
Registering precompiled unity dll's ...
Register platform support module: D:/Unity/2021.1.27f1/Editor/Data/PlaybackEngines/WindowsStandaloneSupport/UnityEditor.WindowsStandalone.Extensions.dll
Registered in 0.001262 seconds.
Native extension for WindowsStandalone target not found
Refreshing native plugins compatible for Editor in 88.49 ms, found 3 plugins.
Preloading 0 native plugins for Editor in 0.00 ms.
Mono: successfully reloaded assembly
- Completed reload, in  1.610 seconds
Domain Reload Profiling:
	ReloadAssembly (1611ms)
		BeginReloadAssembly (67ms)
			ExecutionOrderSort (0ms)
			DisableScriptedObjects (0ms)
			BackupInstance (0ms)
			ReleaseScriptingObjects (0ms)
			CreateAndSetChildDomain (1ms)
		EndReloadAssembly (495ms)
			LoadAssemblies (66ms)
			RebuildTransferFunctionScriptingTraits (0ms)
			SetupTypeCache (171ms)
			ReleaseScriptCaches (0ms)
			RebuildScriptCaches (31ms)
			SetupLoadedEditorAssemblies (248ms)
				LogAssemblyErrors (0ms)
				InitializePlatformSupportModulesInManaged (6ms)
				SetLoadedEditorAssemblies (0ms)
				RefreshPlugins (89ms)
				BeforeProcessingInitializeOnLoad (1ms)
				ProcessInitializeOnLoadAttributes (122ms)
				ProcessInitializeOnLoadMethodAttributes (30ms)
				AfterProcessingInitializeOnLoad (0ms)
				EditorAssembliesLoaded (0ms)
			ExecutionOrderSort2 (0ms)
			AwakeInstancesAfterBackupRestoration (0ms)
Platform modules already initialized, skipping
Registering precompiled user dll's ...
Registered in 0.004448 seconds.
Begin MonoManager ReloadAssembly
Symbol file LoadedFromMemory doesn't match image D:\ProgramasUnity_2021_3\DERV_I_0_Unidad_4_Progs\Library\PackageCache\com.unity.visualscripting@1.6.1\Editor\VisualScripting.Core\Dependencies\YamlDotNet\Unity.VisualScripting.YamlDotNet.dll
Symbol file LoadedFromMemory doesn't match image D:\ProgramasUnity_2021_3\DERV_I_0_Unidad_4_Progs\Library\PackageCache\com.unity.visualscripting@1.6.1\Editor\VisualScripting.Core\Dependencies\DotNetZip\Unity.VisualScripting.IonicZip.dll
Native extension for WindowsStandalone target not found
Refreshing native plugins compatible for Editor in 0.54 ms, found 3 plugins.
Preloading 0 native plugins for Editor in 0.00 ms.
Mono: successfully reloaded assembly
- Completed reload, in  1.408 seconds
Domain Reload Profiling:
	ReloadAssembly (1408ms)
		BeginReloadAssembly (149ms)
			ExecutionOrderSort (0ms)
			DisableScriptedObjects (5ms)
			BackupInstance (0ms)
			ReleaseScriptingObjects (0ms)
			CreateAndSetChildDomain (20ms)
		EndReloadAssembly (1206ms)
			LoadAssemblies (364ms)
			RebuildTransferFunctionScriptingTraits (0ms)
			SetupTypeCache (369ms)
			ReleaseScriptCaches (1ms)
			RebuildScriptCaches (49ms)
			SetupLoadedEditorAssemblies (333ms)
				LogAssemblyErrors (0ms)
				InitializePlatformSupportModulesInManaged (5ms)
				SetLoadedEditorAssemblies (0ms)
				RefreshPlugins (1ms)
				BeforeProcessingInitializeOnLoad (64ms)
				ProcessInitializeOnLoadAttributes (251ms)
				ProcessInitializeOnLoadMethodAttributes (9ms)
				AfterProcessingInitializeOnLoad (2ms)
				EditorAssembliesLoaded (0ms)
			ExecutionOrderSort2 (0ms)
			AwakeInstancesAfterBackupRestoration (7ms)
Platform modules already initialized, skipping
========================================================================
Worker process is ready to serve import requests
Launched and connected shader compiler UnityShaderCompiler.exe after 0.14 seconds
Refreshing native plugins compatible for Editor in 0.53 ms, found 3 plugins.
Preloading 0 native plugins for Editor in 0.00 ms.
Unloading 3040 Unused Serialized files (Serialized files now loaded: 0)
System memory in use before: 107.9 MB.
System memory in use after: 108.1 MB.

Unloading 23 unused Assets to reduce memory usage. Loaded Objects now: 3483.
Total: 3.784900 ms (FindLiveObjects: 0.243400 ms CreateObjectMapping: 0.170000 ms MarkObjects: 3.302600 ms  DeleteObjects: 0.068000 ms)

AssetImportParameters requested are different than current active one (requested -> active):
  custom:framework-win-MediaFoundation: 216162199b28c13a410421893ffa2e32 -> 
  custom:video-decoder-ogg-theora: a1e56fd34408186e4bbccfd4996cb3dc -> 
  custom:container-muxer-webm: aa71ff27fc2769a1b78a27578f13a17b -> 
  custom:container-demuxer-webm: 4f35f7cbe854078d1ac9338744f61a02 -> 
  custom:container-demuxer-ogg: 62fdf1f143b41e24485cea50d1cbac27 -> 
  custom:video-encoder-webm-vp8: eb34c28f22e8b96e1ab97ce403110664 -> 
  custom:video-codec-MediaFoundation-h265: 746d11721c4dcdbdad8f713fa42b33f4 -> 
  custom:video-decoder-webm-vp8: 9c59270c3fd7afecdb556c50c9e8de78 -> 
  custom:audio-decoder-ogg-vorbis: bf7c407c2cedff20999df2af8eb42d56 -> 
  custom:audio-encoder-webm-vorbis: bf7c407c2cedff20999df2af8eb42d56 -> 
========================================================================
Received Import Request.
  path: Assets
  artifactKey: Guid(00000000000000001000000000000000) Importer(815301076,1909f56bfc062723c751e8b465ee728b)
Start importing Assets using Guid(00000000000000001000000000000000) Importer(815301076,1909f56bfc062723c751e8b465ee728b)  -> (artifact id: '42d402b061de3733987d63b9cc3b64de') in 0.028978 seconds 
========================================================================
Received Import Request.
  Time since last request: 1.360229 seconds.
  path: Assets/Personaje
  artifactKey: Guid(8fc3a7c4afbecc641a2f2ab006563956) Importer(815301076,1909f56bfc062723c751e8b465ee728b)
Start importing Assets/Personaje using Guid(8fc3a7c4afbecc641a2f2ab006563956) Importer(815301076,1909f56bfc062723c751e8b465ee728b)  -> (artifact id: 'f7f72084e470c0092944f930788f0be3') in 0.006741 seconds 
========================================================================
Received Import Request.
  Time since last request: 6.521716 seconds.
  path: Assets/Animaciones
  artifactKey: Guid(1a0015dd0b2ea944d850c1ffac21706c) Importer(815301076,1909f56bfc062723c751e8b465ee728b)
Start importing Assets/Animaciones using Guid(1a0015dd0b2ea944d850c1ffac21706c) Importer(815301076,1909f56bfc062723c751e8b465ee728b)  -> (artifact id: '8f992170cc2c552e8520b6a255496b11') in 0.008150 seconds 
========================================================================
Received Import Request.
  Time since last request: 11.075228 seconds.
  path: Assets/Personaje/Spiderman.fbx
  artifactKey: Guid(bdfe14880a652df409ac9f90705c03bb) Importer(815301076,1909f56bfc062723c751e8b465ee728b)
Start importing Assets/Personaje/Spiderman.fbx using Guid(bdfe14880a652df409ac9f90705c03bb) Importer(815301076,1909f56bfc062723c751e8b465ee728b)  -> (artifact id: '0525f0c113d8b56e95e93e47a233a720') in 0.692303 seconds 
========================================================================
Received Import Request.
  Time since last request: 32.417464 seconds.
  path: Assets/Personaje/Spiderman.fbx
  artifactKey: Guid(bdfe14880a652df409ac9f90705c03bb) Importer(815301076,1909f56bfc062723c751e8b465ee728b)
Start importing Assets/Personaje/Spiderman.fbx using Guid(bdfe14880a652df409ac9f90705c03bb) Importer(815301076,1909f56bfc062723c751e8b465ee728b)  -> (artifact id: '1f903bb2f68c6d129c80e929ee4f9a71') in 0.039651 seconds 
========================================================================
Received Import Request.
  Time since last request: 9.922161 seconds.
  path: Assets/Personaje/Spiderman.fbm
  artifactKey: Guid(550a50571aab4224d8474891927af949) Importer(815301076,1909f56bfc062723c751e8b465ee728b)
Start importing Assets/Personaje/Spiderman.fbm using Guid(550a50571aab4224d8474891927af949) Importer(815301076,1909f56bfc062723c751e8b465ee728b)  -> (artifact id: '2c58d4440cc170f20a2663ad4c5227ff') in 0.006568 seconds 
========================================================================
Received Import Request.
  Time since last request: 0.000299 seconds.
  path: Assets/Personaje/Spiderman.fbm/Spiderman_D.jpg
  artifactKey: Guid(bc0109f1978036f4883e8e09e42332a2) Importer(815301076,1909f56bfc062723c751e8b465ee728b)
Start importing Assets/Personaje/Spiderman.fbm/Spiderman_D.jpg using Guid(bc0109f1978036f4883e8e09e42332a2) Importer(815301076,1909f56bfc062723c751e8b465ee728b)  -> (artifact id: '00000000000000000000000000000000') in 0.017106 seconds  code(4) message(Build asset version error: assets/personaje/spiderman.fbm/spiderman_d.jpg in SourceAssetDB has modification time of '2021-11-22T20:49:46.821226Z' while content on disk has modification time of '2021-11-22T20:49:47.2989224Z')
  ERROR: Build asset version error: assets/personaje/spiderman.fbm/spiderman_d.jpg in SourceAssetDB has modification time of '2021-11-22T20:49:46.821226Z' while content on disk has modification time of '2021-11-22T20:49:47.2989224Z'
========================================================================
Received Import Request.
  Time since last request: 1.701781 seconds.
  path: Assets/Personaje/Materials
  artifactKey: Guid(3525ee6da58f8f1459293acf30477d0d) Importer(815301076,1909f56bfc062723c751e8b465ee728b)
Start importing Assets/Personaje/Materials using Guid(3525ee6da58f8f1459293acf30477d0d) Importer(815301076,1909f56bfc062723c751e8b465ee728b)  -> (artifact id: 'bdc8d52033087e4a697fac89089b0d0d') in 0.006576 seconds 
========================================================================
Received Import Request.
  Time since last request: 0.040544 seconds.
  path: Assets/Personaje/Materials/Spiderman_D.mat
  artifactKey: Guid(540ace029b69cf946bf8260b225dbb71) Importer(815301076,1909f56bfc062723c751e8b465ee728b)
Start importing Assets/Personaje/Materials/Spiderman_D.mat using Guid(540ace029b69cf946bf8260b225dbb71) Importer(815301076,1909f56bfc062723c751e8b465ee728b)  -> (artifact id: '325318881fa08dd139e422b79ae9aa16') in 0.018166 seconds 
========================================================================
Received Import Request.
  Time since last request: 32.350890 seconds.
  path: Assets/Animaciones/Spiderman@Bboy Hip Hop Move.fbx
  artifactKey: Guid(aadab627d0ce8914bb1486996ed1d4c8) Importer(815301076,1909f56bfc062723c751e8b465ee728b)
Start importing Assets/Animaciones/Spiderman@Bboy Hip Hop Move.fbx using Guid(aadab627d0ce8914bb1486996ed1d4c8) Importer(815301076,1909f56bfc062723c751e8b465ee728b)  -> (artifact id: 'f12f06b641c72b087dc73102eba355b7') in 0.040946 seconds 
========================================================================
Received Import Request.
  Time since last request: 0.000320 seconds.
  path: Assets/Animaciones/Spiderman@Flair.fbx
  artifactKey: Guid(14ef6805404edf04589986178d023284) Importer(815301076,1909f56bfc062723c751e8b465ee728b)
Start importing Assets/Animaciones/Spiderman@Flair.fbx using Guid(14ef6805404edf04589986178d023284) Importer(815301076,1909f56bfc062723c751e8b465ee728b)  -> (artifact id: '638b34bb3a3170b8a7f8179c0b1a1ac2') in 0.033528 seconds 
========================================================================
Received Import Request.
  Time since last request: 0.000302 seconds.
  path: Assets/Animaciones/Spiderman@Rumba Dancing.fbx
  artifactKey: Guid(88a409ffd032a2c4aa2896d2499c9842) Importer(815301076,1909f56bfc062723c751e8b465ee728b)
Start importing Assets/Animaciones/Spiderman@Rumba Dancing.fbx using Guid(88a409ffd032a2c4aa2896d2499c9842) Importer(815301076,1909f56bfc062723c751e8b465ee728b)  -> (artifact id: 'f9681ba60d8088b776e45adce6355124') in 0.030222 seconds 
========================================================================
Received Import Request.
  Time since last request: 0.000238 seconds.
  path: Assets/Animaciones/Spiderman@Idle.fbx
  artifactKey: Guid(0031f794b244b7f4db565cf32dee1380) Importer(815301076,1909f56bfc062723c751e8b465ee728b)
Start importing Assets/Animaciones/Spiderman@Idle.fbx using Guid(0031f794b244b7f4db565cf32dee1380) Importer(815301076,1909f56bfc062723c751e8b465ee728b)  -> (artifact id: 'f7900e999f64f1c605d257d4a219edb0') in 0.034974 seconds 
========================================================================
Received Import Request.
  Time since last request: 18.471713 seconds.
  path: Assets/Personaje/Spiderman.fbx
  artifactKey: Guid(bdfe14880a652df409ac9f90705c03bb) Importer(815301076,1909f56bfc062723c751e8b465ee728b)
Start importing Assets/Personaje/Spiderman.fbx using Guid(bdfe14880a652df409ac9f90705c03bb) Importer(815301076,1909f56bfc062723c751e8b465ee728b)  -> (artifact id: 'b3f90185db6c1d3534dcca199859703f') in 0.046399 seconds 
========================================================================
Received Import Request.
  Time since last request: 66.255756 seconds.
  path: Assets/Animaciones/Spiderman@Flair.fbx
  artifactKey: Guid(14ef6805404edf04589986178d023284) Importer(815301076,1909f56bfc062723c751e8b465ee728b)
Start importing Assets/Animaciones/Spiderman@Flair.fbx using Guid(14ef6805404edf04589986178d023284) Importer(815301076,1909f56bfc062723c751e8b465ee728b)  -> (artifact id: '02c24bb6bf9b97aa9ecefc633b0431dc') in 0.040552 seconds 
========================================================================
Received Import Request.
  Time since last request: 0.000219 seconds.
  path: Assets/Animaciones/Spiderman@Bboy Hip Hop Move.fbx
  artifactKey: Guid(aadab627d0ce8914bb1486996ed1d4c8) Importer(815301076,1909f56bfc062723c751e8b465ee728b)
Start importing Assets/Animaciones/Spiderman@Bboy Hip Hop Move.fbx using Guid(aadab627d0ce8914bb1486996ed1d4c8) Importer(815301076,1909f56bfc062723c751e8b465ee728b)  -> (artifact id: 'c71e3a8942666b838dd395f73c31c5fb') in 0.050859 seconds 
========================================================================
Received Import Request.
  Time since last request: 0.000419 seconds.
  path: Assets/Animaciones/Spiderman@Rumba Dancing.fbx
  artifactKey: Guid(88a409ffd032a2c4aa2896d2499c9842) Importer(815301076,1909f56bfc062723c751e8b465ee728b)
Start importing Assets/Animaciones/Spiderman@Rumba Dancing.fbx using Guid(88a409ffd032a2c4aa2896d2499c9842) Importer(815301076,1909f56bfc062723c751e8b465ee728b)  -> (artifact id: '6a3a66efb16db562c9960f1124c7d08b') in 0.052204 seconds 
========================================================================
Received Import Request.
  Time since last request: 0.000278 seconds.
  path: Assets/Animaciones/Spiderman@Idle.fbx
  artifactKey: Guid(0031f794b244b7f4db565cf32dee1380) Importer(815301076,1909f56bfc062723c751e8b465ee728b)
Start importing Assets/Animaciones/Spiderman@Idle.fbx using Guid(0031f794b244b7f4db565cf32dee1380) Importer(815301076,1909f56bfc062723c751e8b465ee728b)  -> (artifact id: '279138fdfb6eb2eafba175d37bf21392') in 0.036542 seconds 
========================================================================
Received Import Request.
  Time since last request: 36.254396 seconds.
  path: Assets/Animaciones/Spiderman@Bboy Hip Hop Move.fbx
  artifactKey: Guid(aadab627d0ce8914bb1486996ed1d4c8) Importer(815301076,1909f56bfc062723c751e8b465ee728b)
Start importing Assets/Animaciones/Spiderman@Bboy Hip Hop Move.fbx using Guid(aadab627d0ce8914bb1486996ed1d4c8) Importer(815301076,1909f56bfc062723c751e8b465ee728b)  -> (artifact id: '11c3c768d2f6315a72777ccdd29ed290') in 0.043713 seconds 
========================================================================
Received Import Request.
  Time since last request: 9.297276 seconds.
  path: Assets/Animaciones/Spiderman@Flair.fbx
  artifactKey: Guid(14ef6805404edf04589986178d023284) Importer(815301076,1909f56bfc062723c751e8b465ee728b)
Start importing Assets/Animaciones/Spiderman@Flair.fbx using Guid(14ef6805404edf04589986178d023284) Importer(815301076,1909f56bfc062723c751e8b465ee728b)  -> (artifact id: '591bdbff3cd49f06ff7016d880405578') in 0.044747 seconds 
========================================================================
Received Import Request.
  Time since last request: 6.877520 seconds.
  path: Assets/Animaciones/Spiderman@Idle.fbx
  artifactKey: Guid(0031f794b244b7f4db565cf32dee1380) Importer(815301076,1909f56bfc062723c751e8b465ee728b)
Start importing Assets/Animaciones/Spiderman@Idle.fbx using Guid(0031f794b244b7f4db565cf32dee1380) Importer(815301076,1909f56bfc062723c751e8b465ee728b)  -> (artifact id: '283453cfb28d4c26ee26a7f054ff35fb') in 0.058109 seconds 
========================================================================
Received Import Request.
  Time since last request: 6.068708 seconds.
  path: Assets/Animaciones/Spiderman@Rumba Dancing.fbx
  artifactKey: Guid(88a409ffd032a2c4aa2896d2499c9842) Importer(815301076,1909f56bfc062723c751e8b465ee728b)
Start importing Assets/Animaciones/Spiderman@Rumba Dancing.fbx using Guid(88a409ffd032a2c4aa2896d2499c9842) Importer(815301076,1909f56bfc062723c751e8b465ee728b)  -> (artifact id: 'cd8631544119a199bf3673c339a94d96') in 0.043177 seconds 
========================================================================
Received Prepare
Registering precompiled user dll's ...
Registered in 0.004231 seconds.
Begin MonoManager ReloadAssembly
Symbol file LoadedFromMemory doesn't match image D:\ProgramasUnity_2021_3\DERV_I_0_Unidad_4_Progs\Library\PackageCache\com.unity.visualscripting@1.6.1\Editor\VisualScripting.Core\Dependencies\YamlDotNet\Unity.VisualScripting.YamlDotNet.dll
Symbol file LoadedFromMemory doesn't match image D:\ProgramasUnity_2021_3\DERV_I_0_Unidad_4_Progs\Library\PackageCache\com.unity.visualscripting@1.6.1\Editor\VisualScripting.Core\Dependencies\DotNetZip\Unity.VisualScripting.IonicZip.dll
Native extension for WindowsStandalone target not found
Refreshing native plugins compatible for Editor in 0.64 ms, found 3 plugins.
Preloading 0 native plugins for Editor in 0.00 ms.
Mono: successfully reloaded assembly
- Completed reload, in  1.370 seconds
Domain Reload Profiling:
	ReloadAssembly (1371ms)
		BeginReloadAssembly (117ms)
			ExecutionOrderSort (0ms)
			DisableScriptedObjects (5ms)
			BackupInstance (0ms)
			ReleaseScriptingObjects (0ms)
			CreateAndSetChildDomain (40ms)
		EndReloadAssembly (1194ms)
			LoadAssemblies (104ms)
			RebuildTransferFunctionScriptingTraits (0ms)
			SetupTypeCache (429ms)
			ReleaseScriptCaches (1ms)
			RebuildScriptCaches (45ms)
			SetupLoadedEditorAssemblies (464ms)
				LogAssemblyErrors (0ms)
				InitializePlatformSupportModulesInManaged (6ms)
				SetLoadedEditorAssemblies (0ms)
				RefreshPlugins (1ms)
				BeforeProcessingInitializeOnLoad (63ms)
				ProcessInitializeOnLoadAttributes (382ms)
				ProcessInitializeOnLoadMethodAttributes (10ms)
				AfterProcessingInitializeOnLoad (3ms)
				EditorAssembliesLoaded (0ms)
			ExecutionOrderSort2 (0ms)
			AwakeInstancesAfterBackupRestoration (15ms)
Platform modules already initialized, skipping
Refreshing native plugins compatible for Editor in 0.63 ms, found 3 plugins.
Preloading 0 native plugins for Editor in 0.00 ms.
Unloading 3035 Unused Serialized files (Serialized files now loaded: 0)
System memory in use before: 125.5 MB.
System memory in use after: 125.7 MB.

Unloading 19 unused Assets to reduce memory usage. Loaded Objects now: 3545.
Total: 3.244700 ms (FindLiveObjects: 0.268000 ms CreateObjectMapping: 0.159500 ms MarkObjects: 2.791500 ms  DeleteObjects: 0.024400 ms)

AssetImportParameters requested are different than current active one (requested -> active):
  custom:framework-win-MediaFoundation: 216162199b28c13a410421893ffa2e32 -> 
  custom:video-decoder-ogg-theora: a1e56fd34408186e4bbccfd4996cb3dc -> 
  custom:container-muxer-webm: aa71ff27fc2769a1b78a27578f13a17b -> 
  custom:container-demuxer-webm: 4f35f7cbe854078d1ac9338744f61a02 -> 
  custom:container-demuxer-ogg: 62fdf1f143b41e24485cea50d1cbac27 -> 
  custom:video-encoder-webm-vp8: eb34c28f22e8b96e1ab97ce403110664 -> 
  custom:video-codec-MediaFoundation-h265: 746d11721c4dcdbdad8f713fa42b33f4 -> 
  custom:video-decoder-webm-vp8: 9c59270c3fd7afecdb556c50c9e8de78 -> 
  custom:audio-decoder-ogg-vorbis: bf7c407c2cedff20999df2af8eb42d56 -> 
  custom:audio-encoder-webm-vorbis: bf7c407c2cedff20999df2af8eb42d56 -> 
AssetImportWorkerClient::OnTransportError - code=2 error=End of file
